<?xml version="1.0" encoding="UTF-8"?>
<testng-results skipped="0" failed="0" ignored="0" total="1" passed="1">
  <reporter-output>
  </reporter-output>
  <suite name="Default suite" duration-ms="50589" started-at="2019-02-10T11:05:50Z" finished-at="2019-02-10T11:06:41Z">
    <groups>
    </groups>
    <test name="Default test" duration-ms="50589" started-at="2019-02-10T11:05:50Z" finished-at="2019-02-10T11:06:41Z">
      <class name="com.google.GooglePageTest">
        <test-method status="PASS" signature="setup()[pri:0, instance:com.google.GooglePageTest@1933fd1]" name="setup" duration-ms="50506" started-at="2019-02-10T16:35:50Z" finished-at="2019-02-10T16:36:41Z">
          <reporter-output>
          </reporter-output>
        </test-method> <!-- setup -->
      </class> <!-- com.google.GooglePageTest -->
    </test> <!-- Default test -->
  </suite> <!-- Default suite -->
</testng-results>
