<?xml version="1.0" encoding="UTF-8"?>
<testng-results skipped="0" failed="0" ignored="0" total="1" passed="1">
  <reporter-output>
  </reporter-output>
  <suite name="Suite" duration-ms="12722" started-at="2019-02-12T08:26:25Z" finished-at="2019-02-12T08:26:38Z">
    <groups>
    </groups>
    <test name="Test" duration-ms="12722" started-at="2019-02-12T08:26:25Z" finished-at="2019-02-12T08:26:38Z">
      <class name="com.google.GooglePageTest">
        <test-method status="PASS" signature="setup()[pri:0, instance:com.google.GooglePageTest@407d53]" name="setup" duration-ms="12673" started-at="2019-02-12T13:56:25Z" finished-at="2019-02-12T13:56:38Z">
          <reporter-output>
          </reporter-output>
        </test-method> <!-- setup -->
      </class> <!-- com.google.GooglePageTest -->
    </test> <!-- Test -->
  </suite> <!-- Suite -->
</testng-results>
